{"/Users/alexandre/TrackIt/trackflix-live/trackflix-live/libs/webui/create-event/src/lib/create-event.tsx": {"path":"/Users/alexandre/TrackIt/trackflix-live/trackflix-live/libs/webui/create-event/src/lib/create-event.tsx","statementMap":{"0":{"start":{"line":10,"column":42},"end":{"line":10,"column":null}},"1":{"start":{"line":11,"column":19},"end":{"line":11,"column":null}},"2":{"start":{"line":12,"column":24},"end":{"line":12,"column":null}},"3":{"start":{"line":13,"column":19},"end":{"line":22,"column":null}},"4":{"start":{"line":14,"column":4},"end":{"line":21,"column":null}},"5":{"start":{"line":15,"column":6},"end":{"line":15,"column":null}},"6":{"start":{"line":16,"column":18},"end":{"line":16,"column":null}},"7":{"start":{"line":17,"column":6},"end":{"line":17,"column":null}},"8":{"start":{"line":19,"column":6},"end":{"line":19,"column":null}},"9":{"start":{"line":20,"column":6},"end":{"line":20,"column":null}},"10":{"start":{"line":24,"column":2},"end":{"line":32,"column":null}},"11":{"start":{"line":25,"column":4},"end":{"line":30,"column":null}},"12":{"start":{"line":34,"column":2},"end":{"line":49,"column":null}}},"fnMap":{"0":{"name":"CreateEvent","decl":{"start":{"line":9,"column":16},"end":{"line":9,"column":30}},"loc":{"start":{"line":9,"column":30},"end":{"line":51,"column":null}}},"1":{"name":"(anonymous_1)","decl":{"start":{"line":13,"column":19},"end":{"line":13,"column":26}},"loc":{"start":{"line":13,"column":63},"end":{"line":22,"column":null}}}},"branchMap":{"0":{"loc":{"start":{"line":24,"column":2},"end":{"line":32,"column":null}},"type":"if","locations":[{"start":{"line":24,"column":2},"end":{"line":32,"column":null}},{"start":{"line":24,"column":2},"end":{"line":32,"column":null}}]}},"s":{"0":7,"1":7,"2":7,"3":7,"4":2,"5":2,"6":2,"7":1,"8":1,"9":1,"10":7,"11":0,"12":7},"f":{"0":7,"1":2},"b":{"0":[0,7]}}
}
